<?xml version="1.0" encoding="UTF-8"?>
<!-- Generated by org.testng.reporters.JUnitXMLReporter -->
<testsuite hostname="asus" ignored="0" name="Login" tests="3" failures="3" timestamp="14 Jun 2017 03:04:38 GMT" time="94.959" errors="0">
  <testcase name="login" time="19.3" classname="Denticon.FrameworkAutomation.login.Login">
    <failure type="java.lang.AssertionError">
      <![CDATA[java.lang.AssertionError
	at org.junit.Assert.fail(Assert.java:86)
	at org.junit.Assert.assertTrue(Assert.java:41)
	at org.junit.Assert.assertTrue(Assert.java:52)
	at Denticon.FrameworkAutomation.login.Login.login(Login.java:57)
... Removed 25 stack frames]]>
    </failure>
  </testcase> <!-- login -->
  <testcase name="f" time="33.27" classname="Denticon.FrameworkAutomation.patient.AddNewPatient">
    <failure type="java.lang.AssertionError" message="null">
      <![CDATA[java.lang.AssertionError: null
	at Denticon.FrameworkAutomation.patient.AddNewPatient.f(AddNewPatient.java:86)
... Removed 27 stack frames]]>
    </failure>
  </testcase> <!-- f -->
  <testcase name="logout" time="20.556" classname="Denticon.FrameworkAutomation.login.Logout">
    <failure type="java.lang.AssertionError" message="null">
      <![CDATA[java.lang.AssertionError: null
	at Denticon.FrameworkAutomation.login.Logout.logout(Logout.java:20)
... Removed 27 stack frames]]>
    </failure>
  </testcase> <!-- logout -->
</testsuite> <!-- Login -->
