<?xml version="1.0" encoding="UTF-8"?>
<!-- Generated by org.testng.reporters.JUnitXMLReporter -->
<testsuite hostname="asus" ignored="0" name="Login" tests="3" failures="0" timestamp="13 Jun 2017 17:47:28 GMT" time="94.681" errors="0">
  <testcase name="login" time="17.816" classname="Denticon.FrameworkAutomation.login.Login"/>
  <testcase name="f" time="58.254" classname="Denticon.FrameworkAutomation.patient.AddNewPatient"/>
  <testcase name="logout" time="2.202" classname="Denticon.FrameworkAutomation.login.Logout"/>
</testsuite> <!-- Login -->
